<?xml version="1.0" encoding="UTF-8"?>
<testsuite xmlns:xsi="http://www.w3.org/2001/XMLSchema-instance" xsi:noNamespaceSchemaLocation="https://maven.apache.org/surefire/maven-surefire-plugin/xsd/surefire-test-report-3.0.xsd" version="3.0" name="Pranita.UnitConverterTest" time="0.05" tests="12" errors="0" skipped="0" failures="0">
  <properties>
    <property name="java.specification.version" value="17"/>
    <property name="sun.cpu.isalist" value="amd64"/>
    <property name="sun.jnu.encoding" value="Cp1252"/>
    <property name="java.class.path" value="C:\Users\prani\eclipse-workspace\Prani2\target\test-classes;C:\Users\prani\eclipse-workspace\Prani2\target\classes;C:\Users\prani\.m2\repository\org\openjfx\javafx-controls\16\javafx-controls-16.jar;C:\Users\prani\.m2\repository\org\openjfx\javafx-controls\16\javafx-controls-16-win.jar;C:\Users\prani\.m2\repository\org\openjfx\javafx-graphics\16\javafx-graphics-16.jar;C:\Users\prani\.m2\repository\org\openjfx\javafx-graphics\16\javafx-graphics-16-win.jar;C:\Users\prani\.m2\repository\org\openjfx\javafx-base\16\javafx-base-16.jar;C:\Users\prani\.m2\repository\org\openjfx\javafx-base\16\javafx-base-16-win.jar;C:\Users\prani\.m2\repository\junit\junit\4.12\junit-4.12.jar;C:\Users\prani\.m2\repository\org\hamcrest\hamcrest-core\1.3\hamcrest-core-1.3.jar;"/>
    <property name="java.vm.vendor" value="Oracle Corporation"/>
    <property name="sun.arch.data.model" value="64"/>
    <property name="user.variant" value=""/>
    <property name="java.vendor.url" value="https://java.oracle.com/"/>
    <property name="user.timezone" value="Asia/Calcutta"/>
    <property name="os.name" value="Windows 11"/>
    <property name="java.vm.specification.version" value="17"/>
    <property name="sun.java.launcher" value="SUN_STANDARD"/>
    <property name="user.country" value="IN"/>
    <property name="sun.boot.library.path" value="C:\Program Files\Java\jdk-17.0.2\bin"/>
    <property name="sun.java.command" value="C:\Users\prani\AppData\Local\Temp\surefire13411903838916353683\surefirebooter12860803324875926332.jar C:\Users\prani\AppData\Local\Temp\surefire13411903838916353683 2024-02-02T11-41-00_890-jvmRun1 surefire1775165331320138772tmp surefire_013072148832554505894tmp"/>
    <property name="jdk.debug" value="release"/>
    <property name="surefire.test.class.path" value="C:\Users\prani\eclipse-workspace\Prani2\target\test-classes;C:\Users\prani\eclipse-workspace\Prani2\target\classes;C:\Users\prani\.m2\repository\org\openjfx\javafx-controls\16\javafx-controls-16.jar;C:\Users\prani\.m2\repository\org\openjfx\javafx-controls\16\javafx-controls-16-win.jar;C:\Users\prani\.m2\repository\org\openjfx\javafx-graphics\16\javafx-graphics-16.jar;C:\Users\prani\.m2\repository\org\openjfx\javafx-graphics\16\javafx-graphics-16-win.jar;C:\Users\prani\.m2\repository\org\openjfx\javafx-base\16\javafx-base-16.jar;C:\Users\prani\.m2\repository\org\openjfx\javafx-base\16\javafx-base-16-win.jar;C:\Users\prani\.m2\repository\junit\junit\4.12\junit-4.12.jar;C:\Users\prani\.m2\repository\org\hamcrest\hamcrest-core\1.3\hamcrest-core-1.3.jar;"/>
    <property name="sun.cpu.endian" value="little"/>
    <property name="user.home" value="C:\Users\prani"/>
    <property name="user.language" value="en"/>
    <property name="java.specification.vendor" value="Oracle Corporation"/>
    <property name="java.version.date" value="2022-01-18"/>
    <property name="java.home" value="C:\Program Files\Java\jdk-17.0.2"/>
    <property name="file.separator" value="\"/>
    <property name="style.color" value="always"/>
    <property name="basedir" value="C:\Users\prani\eclipse-workspace\Prani2"/>
    <property name="java.vm.compressedOopsMode" value="Zero based"/>
    <property name="line.separator" value="&#10;"/>
    <property name="java.vm.specification.vendor" value="Oracle Corporation"/>
    <property name="java.specification.name" value="Java Platform API Specification"/>
    <property name="surefire.real.class.path" value="C:\Users\prani\AppData\Local\Temp\surefire13411903838916353683\surefirebooter12860803324875926332.jar"/>
    <property name="user.script" value=""/>
    <property name="sun.management.compiler" value="HotSpot 64-Bit Tiered Compilers"/>
    <property name="java.runtime.version" value="17.0.2+8-LTS-86"/>
    <property name="user.name" value="prani"/>
    <property name="path.separator" value=";"/>
    <property name="os.version" value="10.0"/>
    <property name="java.runtime.name" value="Java(TM) SE Runtime Environment"/>
    <property name="file.encoding" value="Cp1252"/>
    <property name="java.vm.name" value="Java HotSpot(TM) 64-Bit Server VM"/>
    <property name="localRepository" value="C:\Users\prani\.m2\repository"/>
    <property name="java.vendor.url.bug" value="https://bugreport.java.com/bugreport/"/>
    <property name="java.io.tmpdir" value="C:\Users\prani\AppData\Local\Temp\"/>
    <property name="java.version" value="17.0.2"/>
    <property name="user.dir" value="C:\Users\prani\eclipse-workspace\Prani2"/>
    <property name="os.arch" value="amd64"/>
    <property name="java.vm.specification.name" value="Java Virtual Machine Specification"/>
    <property name="sun.os.patch.level" value=""/>
    <property name="native.encoding" value="Cp1252"/>
    <property name="java.library.path" value="C:\Program Files\Java\jdk-17.0.2\bin;C:\WINDOWS\Sun\Java\bin;C:\WINDOWS\system32;C:\WINDOWS;C:\Python312\Scripts\;C:\Python312\;C:\Program Files\Common Files\Oracle\Java\javapath;C:\WINDOWS\system32;C:\WINDOWS;C:\WINDOWS\System32\Wbem;C:\WINDOWS\System32\WindowsPowerShell\v1.0\;C:\WINDOWS\System32\OpenSSH\;C:\Program Files\Git\cmd;C:\Program Files\MongoDB\Server\6.0\bin;C:\mongosh-1.8.0\bin;C:\ProgramData\chocolatey\bin;C:\Program Files\nodejs\;C:\Users\prani\AppData\Local\Programs\Python\Python311\Scripts\;C:\Users\prani\AppData\Local\Programs\Python\Python311\;C:\Users\prani\AppData\Local\Microsoft\WindowsApps;C:\Users\prani\AppData\Local\Programs\Microsoft VS Code\bin;C:\src\flutter\bin;C:\MinGW\bin;C:\Users\prani\AppData\Roaming\npm;."/>
    <property name="java.vm.info" value="mixed mode, sharing"/>
    <property name="java.vendor" value="Oracle Corporation"/>
    <property name="java.vm.version" value="17.0.2+8-LTS-86"/>
    <property name="sun.io.unicode.encoding" value="UnicodeLittle"/>
    <property name="java.class.version" value="61.0"/>
  </properties>
  <testcase name="testInvalidConversion_ZeroValue" classname="Pranita.UnitConverterTest" time="0.004"/>
  <testcase name="testInvalidConversion_EmptyToUnit" classname="Pranita.UnitConverterTest" time="0"/>
  <testcase name="testInvalidConversion_EmptyFromUnit" classname="Pranita.UnitConverterTest" time="0"/>
  <testcase name="testInvalidConversion_NullFromUnit" classname="Pranita.UnitConverterTest" time="0"/>
  <testcase name="testInvalidConversion_InvalidUnit" classname="Pranita.UnitConverterTest" time="0"/>
  <testcase name="testInvalidConversion_MissingFromUnit" classname="Pranita.UnitConverterTest" time="0"/>
  <testcase name="testInvalidConversion_MissingToUnit" classname="Pranita.UnitConverterTest" time="0"/>
  <testcase name="testValidConversion_CmToInches" classname="Pranita.UnitConverterTest" time="0"/>
  <testcase name="testValidConversion_CmToMeters" classname="Pranita.UnitConverterTest" time="0"/>
  <testcase name="testInvalidConversion_NullToUnit" classname="Pranita.UnitConverterTest" time="0"/>
  <testcase name="testInvalidConversion_NegativeValue" classname="Pranita.UnitConverterTest" time="0"/>
  <testcase name="testValidConversion_CmToKilometers" classname="Pranita.UnitConverterTest" time="0.001"/>
</testsuite>